Start testing: May 04 15:15 IST
----------------------------------------------------------
1/1 Testing: RingBufferTests
1/1 Test: RingBufferTests
Command: "/home/binayak/Binayak/AeroLog/build/ring_test"
Directory: /home/binayak/Binayak/AeroLog/build
"RingBufferTests" start time: May 04 15:15 IST
Output:
----------------------------------------------------------
AeroLog Ring Buffer Test Suite
══════════════════════════════════════════════════════════
  empty_on_init                                        PASS
  single_push_pop                                      PASS
  capacity_is_n_minus_one                              PASS
  wraparound                                           PASS
  concurrent_spsc_no_data_loss                         PASS
  producer_done_signals_consumer                       PASS
  log_entry_abi_size                                   PASS
══════════════════════════════════════════════════════════
Results: 7 / 7 tests passed
<end of output>
Test time =   0.00 sec
----------------------------------------------------------
Test Passed.
"RingBufferTests" end time: May 04 15:15 IST
"RingBufferTests" time elapsed: 00:00:00
----------------------------------------------------------

End testing: May 04 15:15 IST
